[debug] [2021-03-10T20:31:07.240Z] ----------------------------------------------------------------------
[debug] [2021-03-10T20:31:07.244Z] Command:       C:\Program Files\nodejs\node.exe C:\Users\havam\AppData\Roaming\npm\node_modules\firebase-tools\lib\bin\firebase.js deploy
[debug] [2021-03-10T20:31:07.245Z] CLI Version:   9.3.0
[debug] [2021-03-10T20:31:07.245Z] Platform:      win32
[debug] [2021-03-10T20:31:07.245Z] Node Version:  v10.16.0
[debug] [2021-03-10T20:31:07.247Z] Time:          Wed Mar 10 2021 15:31:07 GMT-0500 (Eastern Standard Time)
[debug] [2021-03-10T20:31:07.247Z] ----------------------------------------------------------------------
[debug] [2021-03-10T20:31:07.247Z] 
[debug] [2021-03-10T20:31:07.277Z] >>> [apiv2][query] GET https://firebase-public.firebaseio.com/cli.json [none]
[debug] [2021-03-10T20:31:07.385Z] > command requires scopes: ["email","openid","https://www.googleapis.com/auth/cloudplatformprojects.readonly","https://www.googleapis.com/auth/firebase","https://www.googleapis.com/auth/cloud-platform"]
[debug] [2021-03-10T20:31:07.386Z] > authorizing via signed-in user
[debug] [2021-03-10T20:31:07.386Z] [iam] checking project kr-skills-demo-2021 for permissions ["firebase.projects.get","firebasedatabase.instances.update","firebasehosting.sites.update"]
[debug] [2021-03-10T20:31:07.389Z] > refreshing access token with scopes: ["email","https://www.googleapis.com/auth/cloud-platform","https://www.googleapis.com/auth/cloudplatformprojects.readonly","https://www.googleapis.com/auth/firebase","openid"]
[debug] [2021-03-10T20:31:07.389Z] >>> HTTP REQUEST POST https://www.googleapis.com/oauth2/v3/token  
 <request body omitted>
[debug] [2021-03-10T20:31:07.537Z] <<< HTTP RESPONSE 200 {"cache-control":"no-cache, no-store, max-age=0, must-revalidate","pragma":"no-cache","date":"Wed, 10 Mar 2021 20:31:07 GMT","expires":"Mon, 01 Jan 1990 00:00:00 GMT","content-type":"application/json; charset=utf-8","vary":"X-Origin, Referer, Origin,Accept-Encoding","server":"scaffolding on HTTPServer2","x-xss-protection":"0","x-frame-options":"SAMEORIGIN","x-content-type-options":"nosniff","alt-svc":"h3-29=\":443\"; ma=2592000,h3-T051=\":443\"; ma=2592000,h3-Q050=\":443\"; ma=2592000,h3-Q046=\":443\"; ma=2592000,h3-Q043=\":443\"; ma=2592000,quic=\":443\"; ma=2592000; v=\"46,43\"","accept-ranges":"none","transfer-encoding":"chunked"}
[debug] [2021-03-10T20:31:07.581Z] >>> HTTP REQUEST POST https://cloudresourcemanager.googleapis.com/v1/projects/kr-skills-demo-2021:testIamPermissions  
 {"permissions":["firebase.projects.get","firebasedatabase.instances.update","firebasehosting.sites.update"]}
[debug] [2021-03-10T20:31:07.591Z] <<< [apiv2][status] GET https://firebase-public.firebaseio.com/cli.json 200
[debug] [2021-03-10T20:31:07.591Z] <<< [apiv2][body] GET https://firebase-public.firebaseio.com/cli.json {"cloudBuildErrorAfter":1594252800000,"cloudBuildWarnAfter":1590019200000,"defaultNode10After":1594252800000,"minVersion":"3.0.5","node8DeploysDisabledAfter":1613390400000,"node8RuntimeDisabledAfter":1615809600000,"node8WarnAfter":1600128000000}
[debug] [2021-03-10T20:31:07.803Z] <<< HTTP RESPONSE 200 {"content-type":"application/json; charset=UTF-8","vary":"X-Origin, Referer, Origin,Accept-Encoding","date":"Wed, 10 Mar 2021 20:31:07 GMT","server":"ESF","cache-control":"private","x-xss-protection":"0","x-frame-options":"SAMEORIGIN","x-content-type-options":"nosniff","server-timing":"gfet4t7; dur=57","alt-svc":"h3-29=\":443\"; ma=2592000,h3-T051=\":443\"; ma=2592000,h3-Q050=\":443\"; ma=2592000,h3-Q046=\":443\"; ma=2592000,h3-Q043=\":443\"; ma=2592000,quic=\":443\"; ma=2592000; v=\"46,43\"","accept-ranges":"none","transfer-encoding":"chunked"}
[debug] [2021-03-10T20:31:07.804Z] > refreshing access token with scopes: []
[debug] [2021-03-10T20:31:07.804Z] >>> HTTP REQUEST POST https://www.googleapis.com/oauth2/v3/token  
 <request body omitted>
[debug] [2021-03-10T20:31:07.884Z] <<< HTTP RESPONSE 200 {"pragma":"no-cache","date":"Wed, 10 Mar 2021 20:31:07 GMT","cache-control":"no-cache, no-store, max-age=0, must-revalidate","expires":"Mon, 01 Jan 1990 00:00:00 GMT","content-type":"application/json; charset=utf-8","vary":"X-Origin, Referer, Origin,Accept-Encoding","server":"scaffolding on HTTPServer2","x-xss-protection":"0","x-frame-options":"SAMEORIGIN","x-content-type-options":"nosniff","alt-svc":"h3-29=\":443\"; ma=2592000,h3-T051=\":443\"; ma=2592000,h3-Q050=\":443\"; ma=2592000,h3-Q046=\":443\"; ma=2592000,h3-Q043=\":443\"; ma=2592000,quic=\":443\"; ma=2592000; v=\"46,43\"","accept-ranges":"none","transfer-encoding":"chunked"}
[debug] [2021-03-10T20:31:07.929Z] >>> [apiv2][query] GET https://firebase.googleapis.com/v1beta1/projects/kr-skills-demo-2021 [none]
[debug] [2021-03-10T20:31:08.128Z] <<< [apiv2][status] GET https://firebase.googleapis.com/v1beta1/projects/kr-skills-demo-2021 200
[debug] [2021-03-10T20:31:08.128Z] <<< [apiv2][body] GET https://firebase.googleapis.com/v1beta1/projects/kr-skills-demo-2021 {"projectId":"kr-skills-demo-2021","projectNumber":"660813269494","displayName":"Skills Demo","name":"projects/kr-skills-demo-2021","resources":{"hostingSite":"kr-skills-demo-2021","realtimeDatabaseInstance":"kr-skills-demo-2021-default-rtdb"},"state":"ACTIVE"}
[debug] [2021-03-10T20:31:08.128Z] >>> [apiv2][query] GET https://firebase.googleapis.com/v1beta1/projects/kr-skills-demo-2021 [none]
[debug] [2021-03-10T20:31:29.181Z] Failed to make request to https://firebase.googleapis.com/v1beta1/projects/kr-skills-demo-2021
[debug] [2021-03-10T20:31:29.253Z] FirebaseError: Failed to make request to https://firebase.googleapis.com/v1beta1/projects/kr-skills-demo-2021
    at Client.doRequest (C:\Users\havam\AppData\Roaming\npm\node_modules\firebase-tools\lib\apiv2.js:200:19)
    at process._tickCallback (internal/process/next_tick.js:68:7)
[error] 
[error] Error: Failed to get Firebase project kr-skills-demo-2021. Please make sure the project exists and your account has permission to access it.
